== Cloning repository https://github.com/harungichohu/ngatia-sales-app for main ==
> /usr/bin/git clone --progress --branch main --depth 50 https://harungichohu@github.com/harungichohu/ngatia-sales-app /Users/builder/clone
Cloning into '/Users/builder/clone'...
remote: Enumerating objects: 27, done.        
remote: Counting objects:   3% (1/27)        
remote: Counting objects:   7% (2/27)        
remote: Counting objects:  11% (3/27)        
remote: Counting objects:  14% (4/27)        
remote: Counting objects:  18% (5/27)        
remote: Counting objects:  22% (6/27)        
remote: Counting objects:  25% (7/27)        
remote: Counting objects:  29% (8/27)        
remote: Counting objects:  33% (9/27)        
remote: Counting objects:  37% (10/27)        
remote: Counting objects:  40% (11/27)        
remote: Counting objects:  44% (12/27)        
remote: Counting objects:  48% (13/27)        
remote: Counting objects:  51% (14/27)        
remote: Counting objects:  55% (15/27)        
remote: Counting objects:  59% (16/27)        
remote: Counting objects:  62% (17/27)        
remote: Counting objects:  66% (18/27)        
remote: Counting objects:  70% (19/27)        
remote: Counting objects:  74% (20/27)        
remote: Counting objects:  77% (21/27)        
remote: Counting objects:  81% (22/27)        
remote: Counting objects:  85% (23/27)        
remote: Counting objects:  88% (24/27)        
remote: Counting objects:  92% (25/27)        
remote: Counting objects:  96% (26/27)        
remote: Counting objects: 100% (27/27)        
remote: Counting objects: 100% (27/27), done.        
remote: Compressing objects:   4% (1/23)        
remote: Compressing objects:   8% (2/23)        
remote: Compressing objects:  13% (3/23)        
remote: Compressing objects:  17% (4/23)        
remote: Compressing objects:  21% (5/23)        
remote: Compressing objects:  26% (6/23)        
remote: Compressing objects:  30% (7/23)        
remote: Compressing objects:  34% (8/23)        
remote: Compressing objects:  39% (9/23)        
remote: Compressing objects:  43% (10/23)        
remote: Compressing objects:  47% (11/23)        
remote: Compressing objects:  52% (12/23)        
remote: Compressing objects:  56% (13/23)        
remote: Compressing objects:  60% (14/23)        
remote: Compressing objects:  65% (15/23)        
remote: Compressing objects:  69% (16/23)        
remote: Compressing objects:  73% (17/23)        
remote: Compressing objects:  78% (18/23)        
remote: Compressing objects:  82% (19/23)        
remote: Compressing objects:  86% (20/23)        
remote: Compressing objects:  91% (21/23)        
remote: Compressing objects:  95% (22/23)        
remote: Compressing objects: 100% (23/23)        
remote: Compressing objects: 100% (23/23), done.        
remote: Total 27 (delta 8), reused 0 (delta 0), pack-reused 0 (from 0)        
Receiving objects:   3% (1/27)
Receiving objects:   7% (2/27)
Receiving objects:  11% (3/27)
Receiving objects:  14% (4/27)
Receiving objects:  18% (5/27)
Receiving objects:  22% (6/27)
Receiving objects:  25% (7/27)
Receiving objects:  29% (8/27)
Receiving objects:  33% (9/27)
Receiving objects:  37% (10/27)
Receiving objects:  40% (11/27)
Receiving objects:  44% (12/27)
Receiving objects:  48% (13/27)
Receiving objects:  51% (14/27)
Receiving objects:  55% (15/27)
Receiving objects:  59% (16/27)
Receiving objects:  62% (17/27)
Receiving objects:  66% (18/27)
Receiving objects:  70% (19/27)
Receiving objects:  74% (20/27)
Receiving objects:  77% (21/27)
Receiving objects:  81% (22/27)
Receiving objects:  85% (23/27)
Receiving objects:  88% (24/27)
Receiving objects:  92% (25/27)
Receiving objects:  96% (26/27)
Receiving objects: 100% (27/27)
Receiving objects: 100% (27/27), 10.95 KiB | 5.47 MiB/s, done.
Resolving deltas:   0% (0/8)
Resolving deltas:  12% (1/8)
Resolving deltas:  25% (2/8)
Resolving deltas:  37% (3/8)
Resolving deltas:  50% (4/8)
Resolving deltas:  62% (5/8)
Resolving deltas:  75% (6/8)
Resolving deltas:  87% (7/8)
Resolving deltas: 100% (8/8)
Resolving deltas: 100% (8/8), done.

== Checking out commit hash 11653221b5dc02079584873be9d9fcb7ec485f65 ==
> /usr/bin/git reset --hard 11653221b5dc02079584873be9d9fcb7ec485f65
HEAD is now at 1165322 Update README.md


No Flutter projects found from main :|
If you want to build a non-Flutter project, please consider to use Advanced configuration to download codemagic.yaml configuration file and customize it for your build

Build failed :|
No Flutter projects found in 'main'